2026-03-04 16:53:49,837 [WARNING]  * Debugger is active!
2026-03-04 16:53:49,837 [INFO]  * Debugger PIN: 393-671-553
2026-03-04 16:54:00,918 [INFO]  * Detected change in '/home/Adam/Projects/NetworkTechnician/SchedulingApp/app.py', reloading
2026-03-04 16:54:01,778 [WARNING]  * Debugger is active!
2026-03-04 16:54:01,778 [INFO]  * Debugger PIN: 393-671-553
2026-03-04 17:00:05,135 [INFO]  * Detected change in '/home/Adam/Projects/NetworkTechnician/SchedulingApp/app.py', reloading
2026-03-04 17:00:06,152 [WARNING] werkzeug —  * Debugger is active!
2026-03-04 17:00:06,153 [INFO] werkzeug —  * Debugger PIN: 393-671-553
2026-03-04 17:00:17,238 [INFO] werkzeug —  * Detected change in '/home/Adam/Projects/NetworkTechnician/SchedulingApp/graph_scheduler.py', reloading
2026-03-04 17:00:18,302 [WARNING] werkzeug —  * Debugger is active!
2026-03-04 17:00:18,302 [INFO] werkzeug —  * Debugger PIN: 393-671-553
2026-03-04 17:00:31,395 [INFO] werkzeug —  * Detected change in '/home/Adam/Projects/NetworkTechnician/SchedulingApp/graph_auth.py', reloading
2026-03-04 17:00:32,222 [WARNING] werkzeug —  * Debugger is active!
2026-03-04 17:00:32,222 [INFO] werkzeug —  * Debugger PIN: 393-671-553
2026-03-04 17:00:41,293 [INFO] werkzeug —  * Detected change in '/home/Adam/Projects/NetworkTechnician/SchedulingApp/schedule_log.py', reloading
2026-03-04 17:00:42,120 [WARNING] werkzeug —  * Debugger is active!
2026-03-04 17:00:42,120 [INFO] werkzeug —  * Debugger PIN: 393-671-553
2026-03-04 17:00:53,203 [INFO] werkzeug —  * Detected change in '/home/Adam/Projects/NetworkTechnician/SchedulingApp/scheduling_logic.py', reloading
2026-03-04 17:00:54,154 [WARNING] werkzeug —  * Debugger is active!
2026-03-04 17:00:54,154 [INFO] werkzeug —  * Debugger PIN: 393-671-553
